<?xml version="1.0" encoding="UTF-8"?>
<!-- Generated by org.testng.reporters.JUnitReportReporter -->
<testsuite name="Template" tests="1" time="22.577" ignored="3" failures="0" timestamp="23 May 2017 10:27:47 GMT" skipped="0" hostname="JASMEET-QA" errors="0">
  <testcase name="checkLoginBtn" time="22.577" classname="Template"/>
  <testcase name="getPlansWithCost" classname="Template">
    <skipped/>
  </testcase> <!-- getPlansWithCost -->
  <testcase name="loginProcess" classname="Template">
    <skipped/>
  </testcase> <!-- loginProcess -->
  <testcase name="invalidSearch" classname="Template">
    <skipped/>
  </testcase> <!-- invalidSearch -->
</testsuite> <!-- Template -->
